<?xml version="1.0" encoding="UTF-8"?>
<!-- Generated by org.testng.reporters.JUnitXMLReporter -->
<testsuite ignored="0" hostname="SAGAR_DUBEY" failures="3" tests="6" name="Test" time="9.195" errors="0" timestamp="2025-03-31T09:58:43 IST">
  <testcase classname="api.test.UserTests" name="testPostUser" time="2.86"/>
  <testcase classname="api.test.UserTests" name="testGetUserByName" time="1.463"/>
  <testcase classname="api.test.UserTests" name="testUpdateUserByName" time="2.95">
    <failure type="java.lang.AssertionError" message="expected [200] but found [404]">
      <![CDATA[java.lang.AssertionError: expected [200] but found [404]
at api.test.UserTests.testUpdateUserByName(UserTests.java:78)
at java.base/java.util.ArrayList.forEach(ArrayList.java:1511)
... Removed 34 stack frames]]>
    </failure>
  </testcase> <!-- testUpdateUserByName -->
  <testcase classname="api.test.UserTests" name="testDeleteUserByName" time="1.212"/>
  <testcase classname="api.test.DataDriverTestCases" name="testPostuser" time="0.0">
    <failure type="java.lang.RuntimeException" message="java.lang.NoSuchMethodError: &amp;apos;org.apache.logging.log4j.LogBuilder org.apache.logging.log4j.Logger.atDebug()&amp;apos;">
      <![CDATA[java.lang.RuntimeException: java.lang.NoSuchMethodError: 'org.apache.logging.log4j.LogBuilder org.apache.logging.log4j.Logger.atDebug()'
at java.base/java.util.ArrayList.forEach(ArrayList.java:1511)
Caused by: java.lang.NoSuchMethodError: 'org.apache.logging.log4j.LogBuilder org.apache.logging.log4j.Logger.atDebug()'
at org.apache.poi.openxml4j.opc.PackageRelationshipCollection.parseRelationshipsPart(PackageRelationshipCollection.java:307)
at org.apache.poi.openxml4j.opc.PackageRelationshipCollection.<init>(PackageRelationshipCollection.java:155)
at org.apache.poi.openxml4j.opc.PackageRelationshipCollection.<init>(PackageRelationshipCollection.java:125)
at org.apache.poi.openxml4j.opc.PackagePart.loadRelationships(PackagePart.java:565)
at org.apache.poi.openxml4j.opc.OPCPackage.getParts(OPCPackage.java:798)
at org.apache.poi.openxml4j.opc.OPCPackage.open(OPCPackage.java:369)
at org.apache.poi.ooxml.util.PackageHelper.open(PackageHelper.java:67)
at org.apache.poi.xssf.usermodel.XSSFWorkbook.<init>(XSSFWorkbook.java:315)
at org.apache.poi.xssf.usermodel.XSSFWorkbook.<init>(XSSFWorkbook.java:289)
at api.utilities.XLUtility.getRowCount(XLUtility.java:36)
at api.utilities.DataProviders.getAllData(DataProviders.java:13)
... 25 more
... Removed 32 stack frames]]>
    </failure>
  </testcase> <!-- testPostuser -->
  <testcase classname="api.test.DataDriverTestCases" name="testDeleteUserByName" time="0.0">
    <failure type="java.lang.RuntimeException" message="java.lang.NoSuchMethodError: &amp;apos;org.apache.logging.log4j.LogBuilder org.apache.logging.log4j.Logger.atDebug()&amp;apos;">
      <![CDATA[java.lang.RuntimeException: java.lang.NoSuchMethodError: 'org.apache.logging.log4j.LogBuilder org.apache.logging.log4j.Logger.atDebug()'
at java.base/java.util.ArrayList.forEach(ArrayList.java:1511)
Caused by: java.lang.NoSuchMethodError: 'org.apache.logging.log4j.LogBuilder org.apache.logging.log4j.Logger.atDebug()'
at org.apache.poi.openxml4j.opc.PackageRelationshipCollection.parseRelationshipsPart(PackageRelationshipCollection.java:307)
at org.apache.poi.openxml4j.opc.PackageRelationshipCollection.<init>(PackageRelationshipCollection.java:155)
at org.apache.poi.openxml4j.opc.PackageRelationshipCollection.<init>(PackageRelationshipCollection.java:125)
at org.apache.poi.openxml4j.opc.PackagePart.loadRelationships(PackagePart.java:565)
at org.apache.poi.openxml4j.opc.OPCPackage.getParts(OPCPackage.java:798)
at org.apache.poi.openxml4j.opc.OPCPackage.open(OPCPackage.java:369)
at org.apache.poi.ooxml.util.PackageHelper.open(PackageHelper.java:67)
at org.apache.poi.xssf.usermodel.XSSFWorkbook.<init>(XSSFWorkbook.java:315)
at org.apache.poi.xssf.usermodel.XSSFWorkbook.<init>(XSSFWorkbook.java:289)
at api.utilities.XLUtility.getRowCount(XLUtility.java:36)
at api.utilities.DataProviders.getUserNames(DataProviders.java:31)
... 25 more
... Removed 32 stack frames]]>
    </failure>
  </testcase> <!-- testDeleteUserByName -->
</testsuite> <!-- Test -->
